# JRE version: Java(TM) SE Runtime Environment (8.0_161-b12) (build 1.8.0_161-b12)
# Java VM: Java HotSpot(TM) 64-Bit Server VM (25.161-b12 mixed mode windows-amd64 compressed oops)
Heap:
 PSYoungGen      total 270336K, used 169046K [0x00000000d6180000, 0x00000000f0b80000, 0x0000000100000000)
  eden space 261632K, 64% used [0x00000000d6180000,0x00000000e06858b8,0x00000000e6100000)
  from space 8704K, 0% used [0x00000000e6100000,0x00000000e6110000,0x00000000e6980000)
  to   space 8704K, 0% used [0x00000000f0300000,0x00000000f0300000,0x00000000f0b80000)
 ParOldGen       total 86016K, used 6746K [0x0000000082400000, 0x0000000087800000, 0x00000000d6180000)
  object space 86016K, 7% used [0x0000000082400000,0x0000000082a969e8,0x0000000087800000)
 Metaspace       used 11664K, capacity 11814K, committed 11904K, reserved 1060864K
  class space    used 1359K, capacity 1405K, committed 1408K, reserved 1048576K
GC Heap History (10 events):
Event: 4.446 GC heap before
{Heap before GC invocations=5 (full 0):
 PSYoungGen      total 70656K, used 69862K [0x00000000d6180000, 0x00000000dab80000, 0x0000000100000000)
  eden space 65536K, 100% used [0x00000000d6180000,0x00000000da180000,0x00000000da180000)
  from space 5120K, 84% used [0x00000000da680000,0x00000000daab9980,0x00000000dab80000)
  to   space 5120K, 0% used [0x00000000da180000,0x00000000da180000,0x00000000da680000)
 ParOldGen       total 86016K, used 2431K [0x0000000082400000, 0x0000000087800000, 0x00000000d6180000)
  object space 86016K, 2% used [0x0000000082400000,0x000000008265fda0,0x0000000087800000)
 Metaspace       used 11643K, capacity 11750K, committed 11904K, reserved 1060864K
  class space    used 1358K, capacity 1405K, committed 1408K, reserved 1048576K
Event: 4.451 GC heap after
Heap after GC invocations=5 (full 0):
 PSYoungGen      total 70656K, used 4312K [0x00000000d6180000, 0x00000000df180000, 0x0000000100000000)
  eden space 65536K, 0% used [0x00000000d6180000,0x00000000d6180000,0x00000000da180000)
  from space 5120K, 84% used [0x00000000da180000,0x00000000da5b6330,0x00000000da680000)
  to   space 8192K, 0% used [0x00000000de980000,0x00000000de980000,0x00000000df180000)
 ParOldGen       total 86016K, used 2439K [0x0000000082400000, 0x0000000087800000, 0x00000000d6180000)
  object space 86016K, 2% used [0x0000000082400000,0x0000000082661da0,0x0000000087800000)
 Metaspace       used 11643K, capacity 11750K, committed 11904K, reserved 1060864K
  class space    used 1358K, capacity 1405K, committed 1408K, reserved 1048576K
}
Event: 4.818 GC heap before
{Heap before GC invocations=6 (full 0):
 PSYoungGen      total 70656K, used 69848K [0x00000000d6180000, 0x00000000df180000, 0x0000000100000000)
  eden space 65536K, 100% used [0x00000000d6180000,0x00000000da180000,0x00000000da180000)
  from space 5120K, 84% used [0x00000000da180000,0x00000000da5b6330,0x00000000da680000)
  to   space 8192K, 0% used [0x00000000de980000,0x00000000de980000,0x00000000df180000)
 ParOldGen       total 86016K, used 2439K [0x0000000082400000, 0x0000000087800000, 0x00000000d6180000)
  object space 86016K, 2% used [0x0000000082400000,0x0000000082661da0,0x0000000087800000)
 Metaspace       used 11644K, capacity 11750K, committed 11904K, reserved 1060864K
  class space    used 1359K, capacity 1405K, committed 1408K, reserved 1048576K
Event: 4.838 GC heap after
Heap after GC invocations=6 (full 0):
 PSYoungGen      total 138240K, used 4294K [0x00000000d6180000, 0x00000000df080000, 0x0000000100000000)
  eden space 131072K, 0% used [0x00000000d6180000,0x00000000d6180000,0x00000000de180000)
  from space 7168K, 59% used [0x00000000de980000,0x00000000dedb1960,0x00000000df080000)
  to   space 7680K, 0% used [0x00000000de180000,0x00000000de180000,0x00000000de900000)
 ParOldGen       total 86016K, used 2447K [0x0000000082400000, 0x0000000087800000, 0x00000000d6180000)
  object space 86016K, 2% used [0x0000000082400000,0x0000000082663da0,0x0000000087800000)
 Metaspace       used 11644K, capacity 11750K, committed 11904K, reserved 1060864K
  class space    used 1359K, capacity 1405K, committed 1408K, reserved 1048576K
}
Event: 5.256 GC heap before
{Heap before GC invocations=7 (full 0):
 PSYoungGen      total 138240K, used 135366K [0x00000000d6180000, 0x00000000df080000, 0x0000000100000000)
  eden space 131072K, 100% used [0x00000000d6180000,0x00000000de180000,0x00000000de180000)
  from space 7168K, 59% used [0x00000000de980000,0x00000000dedb1960,0x00000000df080000)
  to   space 7680K, 0% used [0x00000000de180000,0x00000000de180000,0x00000000de900000)
 ParOldGen       total 86016K, used 2447K [0x0000000082400000, 0x0000000087800000, 0x00000000d6180000)
  object space 86016K, 2% used [0x0000000082400000,0x0000000082663da0,0x0000000087800000)
 Metaspace       used 11646K, capacity 11750K, committed 11904K, reserved 1060864K
  class space    used 1359K, capacity 1405K, committed 1408K, reserved 1048576K
Event: 5.265 GC heap after
Heap after GC invocations=7 (full 0):
 PSYoungGen      total 138752K, used 160K [0x00000000d6180000, 0x00000000e7180000, 0x0000000100000000)
  eden space 131072K, 0% used [0x00000000d6180000,0x00000000d6180000,0x00000000de180000)
  from space 7680K, 2% used [0x00000000de180000,0x00000000de1a8000,0x00000000de900000)
  to   space 8192K, 0% used [0x00000000e6980000,0x00000000e6980000,0x00000000e7180000)
 ParOldGen       total 86016K, used 6722K [0x0000000082400000, 0x0000000087800000, 0x00000000d6180000)
  object space 86016K, 7% used [0x0000000082400000,0x0000000082a909e8,0x0000000087800000)
 Metaspace       used 11646K, capacity 11750K, committed 11904K, reserved 1060864K
  class space    used 1359K, capacity 1405K, committed 1408K, reserved 1048576K
}
Event: 5.688 GC heap before
{Heap before GC invocations=8 (full 0):
 PSYoungGen      total 138752K, used 131232K [0x00000000d6180000, 0x00000000e7180000, 0x0000000100000000)
  eden space 131072K, 100% used [0x00000000d6180000,0x00000000de180000,0x00000000de180000)
  from space 7680K, 2% used [0x00000000de180000,0x00000000de1a8000,0x00000000de900000)
  to   space 8192K, 0% used [0x00000000e6980000,0x00000000e6980000,0x00000000e7180000)
 ParOldGen       total 86016K, used 6722K [0x0000000082400000, 0x0000000087800000, 0x00000000d6180000)
  object space 86016K, 7% used [0x0000000082400000,0x0000000082a909e8,0x0000000087800000)
 Metaspace       used 11646K, capacity 11750K, committed 11904K, reserved 1060864K
  class space    used 1359K, capacity 1405K, committed 1408K, reserved 1048576K
Event: 5.716 GC heap after
Heap after GC invocations=8 (full 0):
 PSYoungGen      total 269824K, used 128K [0x00000000d6180000, 0x00000000e7280000, 0x0000000100000000)
  eden space 261632K, 0% used [0x00000000d6180000,0x00000000d6180000,0x00000000e6100000)
  from space 8192K, 1% used [0x00000000e6980000,0x00000000e69a0000,0x00000000e7180000)
  to   space 8704K, 0% used [0x00000000e6100000,0x00000000e6100000,0x00000000e6980000)
 ParOldGen       total 86016K, used 6730K [0x0000000082400000, 0x0000000087800000, 0x00000000d6180000)
  object space 86016K, 7% used [0x0000000082400000,0x0000000082a929e8,0x0000000087800000)
 Metaspace       used 11646K, capacity 11750K, committed 11904K, reserved 1060864K
  class space    used 1359K, capacity 1405K, committed 1408K, reserved 1048576K
}
Event: 6.469 GC heap before
{Heap before GC invocations=9 (full 0):
 PSYoungGen      total 269824K, used 261760K [0x00000000d6180000, 0x00000000e7280000, 0x0000000100000000)
  eden space 261632K, 100% used [0x00000000d6180000,0x00000000e6100000,0x00000000e6100000)
  from space 8192K, 1% used [0x00000000e6980000,0x00000000e69a0000,0x00000000e7180000)
  to   space 8704K, 0% used [0x00000000e6100000,0x00000000e6100000,0x00000000e6980000)
 ParOldGen       total 86016K, used 6730K [0x0000000082400000, 0x0000000087800000, 0x00000000d6180000)
  object space 86016K, 7% used [0x0000000082400000,0x0000000082a929e8,0x0000000087800000)
 Metaspace       used 11646K, capacity 11750K, committed 11904K, reserved 1060864K
  class space    used 1359K, capacity 1405K, committed 1408K, reserved 1048576K
Event: 6.477 GC heap after
Heap after GC invocations=9 (full 0):
 PSYoungGen      total 270336K, used 64K [0x00000000d6180000, 0x00000000f0b80000, 0x0000000100000000)
  eden space 261632K, 0% used [0x00000000d6180000,0x00000000d6180000,0x00000000e6100000)
  from space 8704K, 0% used [0x00000000e6100000,0x00000000e6110000,0x00000000e6980000)
  to   space 8704K, 0% used [0x00000000f0300000,0x00000000f0300000,0x00000000f0b80000)
 ParOldGen       total 86016K, used 6746K [0x0000000082400000, 0x0000000087800000, 0x00000000d6180000)
  object space 86016K, 7% used [0x0000000082400000,0x0000000082a969e8,0x0000000087800000)
 Metaspace       used 11646K, capacity 11750K, committed 11904K, reserved 1060864K
  class space    used 1359K, capacity 1405K, committed 1408K, reserved 1048576K
}

