# JRE version: Java(TM) SE Runtime Environment (8.0_161-b12) (build 1.8.0_161-b12)
# Java VM: Java HotSpot(TM) 64-Bit Server VM (25.161-b12 mixed mode windows-amd64 compressed oops)
Heap:
 PSYoungGen      total 429056K, used 41955K [0x00000000d6180000, 0x00000000f0d80000, 0x0000000100000000)
  eden space 419840K, 9% used [0x00000000d6180000,0x00000000d8a70f10,0x00000000efb80000)
  from space 9216K, 0% used [0x00000000efb80000,0x00000000efb88000,0x00000000f0480000)
  to   space 9216K, 0% used [0x00000000f0480000,0x00000000f0480000,0x00000000f0d80000)
 ParOldGen       total 86016K, used 6883K [0x0000000082400000, 0x0000000087800000, 0x00000000d6180000)
  object space 86016K, 8% used [0x0000000082400000,0x0000000082ab8d90,0x0000000087800000)
 Metaspace       used 11651K, capacity 11750K, committed 11904K, reserved 1060864K
  class space    used 1359K, capacity 1405K, committed 1408K, reserved 1048576K
GC Heap History (10 events):
Event: 4.831 GC heap before
{Heap before GC invocations=7 (full 0):
 PSYoungGen      total 138240K, used 135416K [0x00000000d6180000, 0x00000000df080000, 0x0000000100000000)
  eden space 131072K, 100% used [0x00000000d6180000,0x00000000de180000,0x00000000de180000)
  from space 7168K, 60% used [0x00000000de980000,0x00000000dedbe310,0x00000000df080000)
  to   space 7680K, 0% used [0x00000000de180000,0x00000000de180000,0x00000000de900000)
 ParOldGen       total 86016K, used 2537K [0x0000000082400000, 0x0000000087800000, 0x00000000d6180000)
  object space 86016K, 2% used [0x0000000082400000,0x000000008267a4e8,0x0000000087800000)
 Metaspace       used 11626K, capacity 11750K, committed 11904K, reserved 1060864K
  class space    used 1358K, capacity 1405K, committed 1408K, reserved 1048576K
Event: 4.840 GC heap after
Heap after GC invocations=7 (full 0):
 PSYoungGen      total 138752K, used 128K [0x00000000d6180000, 0x00000000e7280000, 0x0000000100000000)
  eden space 131072K, 0% used [0x00000000d6180000,0x00000000d6180000,0x00000000de180000)
  from space 7680K, 1% used [0x00000000de180000,0x00000000de1a0000,0x00000000de900000)
  to   space 8704K, 0% used [0x00000000e6a00000,0x00000000e6a00000,0x00000000e7280000)
 ParOldGen       total 86016K, used 6819K [0x0000000082400000, 0x0000000087800000, 0x00000000d6180000)
  object space 86016K, 7% used [0x0000000082400000,0x0000000082aa8d90,0x0000000087800000)
 Metaspace       used 11626K, capacity 11750K, committed 11904K, reserved 1060864K
  class space    used 1358K, capacity 1405K, committed 1408K, reserved 1048576K
}
Event: 5.151 GC heap before
{Heap before GC invocations=8 (full 0):
 PSYoungGen      total 138752K, used 131200K [0x00000000d6180000, 0x00000000e7280000, 0x0000000100000000)
  eden space 131072K, 100% used [0x00000000d6180000,0x00000000de180000,0x00000000de180000)
  from space 7680K, 1% used [0x00000000de180000,0x00000000de1a0000,0x00000000de900000)
  to   space 8704K, 0% used [0x00000000e6a00000,0x00000000e6a00000,0x00000000e7280000)
 ParOldGen       total 86016K, used 6819K [0x0000000082400000, 0x0000000087800000, 0x00000000d6180000)
  object space 86016K, 7% used [0x0000000082400000,0x0000000082aa8d90,0x0000000087800000)
 Metaspace       used 11626K, capacity 11750K, committed 11904K, reserved 1060864K
  class space    used 1358K, capacity 1405K, committed 1408K, reserved 1048576K
Event: 5.220 GC heap after
Heap after GC invocations=8 (full 0):
 PSYoungGen      total 270848K, used 64K [0x00000000d6180000, 0x00000000e7280000, 0x0000000100000000)
  eden space 262144K, 0% used [0x00000000d6180000,0x00000000d6180000,0x00000000e6180000)
  from space 8704K, 0% used [0x00000000e6a00000,0x00000000e6a10000,0x00000000e7280000)
  to   space 8704K, 0% used [0x00000000e6180000,0x00000000e6180000,0x00000000e6a00000)
 ParOldGen       total 86016K, used 6835K [0x0000000082400000, 0x0000000087800000, 0x00000000d6180000)
  object space 86016K, 7% used [0x0000000082400000,0x0000000082aacd90,0x0000000087800000)
 Metaspace       used 11626K, capacity 11750K, committed 11904K, reserved 1060864K
  class space    used 1358K, capacity 1405K, committed 1408K, reserved 1048576K
}
Event: 5.569 GC heap before
{Heap before GC invocations=9 (full 0):
 PSYoungGen      total 270848K, used 262208K [0x00000000d6180000, 0x00000000e7280000, 0x0000000100000000)
  eden space 262144K, 100% used [0x00000000d6180000,0x00000000e6180000,0x00000000e6180000)
  from space 8704K, 0% used [0x00000000e6a00000,0x00000000e6a10000,0x00000000e7280000)
  to   space 8704K, 0% used [0x00000000e6180000,0x00000000e6180000,0x00000000e6a00000)
 ParOldGen       total 86016K, used 6835K [0x0000000082400000, 0x0000000087800000, 0x00000000d6180000)
  object space 86016K, 7% used [0x0000000082400000,0x0000000082aacd90,0x0000000087800000)
 Metaspace       used 11628K, capacity 11750K, committed 11904K, reserved 1060864K
  class space    used 1359K, capacity 1405K, committed 1408K, reserved 1048576K
Event: 5.571 GC heap after
Heap after GC invocations=9 (full 0):
 PSYoungGen      total 270848K, used 160K [0x00000000d6180000, 0x00000000f0d80000, 0x0000000100000000)
  eden space 262144K, 0% used [0x00000000d6180000,0x00000000d6180000,0x00000000e6180000)
  from space 8704K, 1% used [0x00000000e6180000,0x00000000e61a8000,0x00000000e6a00000)
  to   space 9216K, 0% used [0x00000000f0480000,0x00000000f0480000,0x00000000f0d80000)
 ParOldGen       total 86016K, used 6843K [0x0000000082400000, 0x0000000087800000, 0x00000000d6180000)
  object space 86016K, 7% used [0x0000000082400000,0x0000000082aaed90,0x0000000087800000)
 Metaspace       used 11628K, capacity 11750K, committed 11904K, reserved 1060864K
  class space    used 1359K, capacity 1405K, committed 1408K, reserved 1048576K
}
Event: 5.759 GC heap before
{Heap before GC invocations=10 (full 0):
 PSYoungGen      total 270848K, used 262304K [0x00000000d6180000, 0x00000000f0d80000, 0x0000000100000000)
  eden space 262144K, 100% used [0x00000000d6180000,0x00000000e6180000,0x00000000e6180000)
  from space 8704K, 1% used [0x00000000e6180000,0x00000000e61a8000,0x00000000e6a00000)
  to   space 9216K, 0% used [0x00000000f0480000,0x00000000f0480000,0x00000000f0d80000)
 ParOldGen       total 86016K, used 6843K [0x0000000082400000, 0x0000000087800000, 0x00000000d6180000)
  object space 86016K, 7% used [0x0000000082400000,0x0000000082aaed90,0x0000000087800000)
 Metaspace       used 11651K, capacity 11750K, committed 11904K, reserved 1060864K
  class space    used 1359K, capacity 1405K, committed 1408K, reserved 1048576K
Event: 5.760 GC heap after
Heap after GC invocations=10 (full 0):
 PSYoungGen      total 429056K, used 128K [0x00000000d6180000, 0x00000000f0d80000, 0x0000000100000000)
  eden space 419840K, 0% used [0x00000000d6180000,0x00000000d6180000,0x00000000efb80000)
  from space 9216K, 1% used [0x00000000f0480000,0x00000000f04a0000,0x00000000f0d80000)
  to   space 9216K, 0% used [0x00000000efb80000,0x00000000efb80000,0x00000000f0480000)
 ParOldGen       total 86016K, used 6875K [0x0000000082400000, 0x0000000087800000, 0x00000000d6180000)
  object space 86016K, 7% used [0x0000000082400000,0x0000000082ab6d90,0x0000000087800000)
 Metaspace       used 11651K, capacity 11750K, committed 11904K, reserved 1060864K
  class space    used 1359K, capacity 1405K, committed 1408K, reserved 1048576K
}
Event: 6.234 GC heap before
{Heap before GC invocations=11 (full 0):
 PSYoungGen      total 429056K, used 419968K [0x00000000d6180000, 0x00000000f0d80000, 0x0000000100000000)
  eden space 419840K, 100% used [0x00000000d6180000,0x00000000efb80000,0x00000000efb80000)
  from space 9216K, 1% used [0x00000000f0480000,0x00000000f04a0000,0x00000000f0d80000)
  to   space 9216K, 0% used [0x00000000efb80000,0x00000000efb80000,0x00000000f0480000)
 ParOldGen       total 86016K, used 6875K [0x0000000082400000, 0x0000000087800000, 0x00000000d6180000)
  object space 86016K, 7% used [0x0000000082400000,0x0000000082ab6d90,0x0000000087800000)
 Metaspace       used 11651K, capacity 11750K, committed 11904K, reserved 1060864K
  class space    used 1359K, capacity 1405K, committed 1408K, reserved 1048576K
Event: 6.251 GC heap after
Heap after GC invocations=11 (full 0):
 PSYoungGen      total 429056K, used 32K [0x00000000d6180000, 0x00000000f0d80000, 0x0000000100000000)
  eden space 419840K, 0% used [0x00000000d6180000,0x00000000d6180000,0x00000000efb80000)
  from space 9216K, 0% used [0x00000000efb80000,0x00000000efb88000,0x00000000f0480000)
  to   space 9216K, 0% used [0x00000000f0480000,0x00000000f0480000,0x00000000f0d80000)
 ParOldGen       total 86016K, used 6883K [0x0000000082400000, 0x0000000087800000, 0x00000000d6180000)
  object space 86016K, 8% used [0x0000000082400000,0x0000000082ab8d90,0x0000000087800000)
 Metaspace       used 11651K, capacity 11750K, committed 11904K, reserved 1060864K
  class space    used 1359K, capacity 1405K, committed 1408K, reserved 1048576K
}

